<?xml version="1.0" encoding="UTF-8"?>
<testsuite name="in.doracorp.auth.AuthApplicationTests" tests="1" skipped="0" failures="0" errors="0" timestamp="2023-10-29T16:26:16" hostname="Subhodeeps-MacBook-Air.local" time="0.312">
  <properties/>
  <testcase name="contextLoads()" classname="in.doracorp.auth.AuthApplicationTests" time="0.312"/>
  <system-out><![CDATA[21:56:14.950 [Test worker] INFO org.springframework.test.context.support.AnnotationConfigContextLoaderUtils -- Could not detect default configuration classes for test class [in.doracorp.auth.AuthApplicationTests]: AuthApplicationTests does not declare any static, non-private, non-final, nested classes annotated with @Configuration.
21:56:14.985 [Test worker] INFO org.springframework.boot.test.context.SpringBootTestContextBootstrapper -- Found @SpringBootConfiguration in.doracorp.auth.AuthApplication for test class in.doracorp.auth.AuthApplicationTests

  .   ____          _            __ _ _
 /\\ / ___'_ __ _ _(_)_ __  __ _ \ \ \ \
( ( )\___ | '_ | '_| | '_ \/ _` | \ \ \ \
 \\/  ___)| |_)| | | | | || (_| |  ) ) ) )
  '  |____| .__|_| |_|_| |_\__, | / / / /
 =========|_|==============|___/=/_/_/_/
 :: Spring Boot ::                (v3.1.5)

2023-10-29T21:56:15.118+05:30  INFO 26436 --- [    Test worker] in.doracorp.auth.AuthApplicationTests    : Starting AuthApplicationTests using Java 17.0.8 with PID 26436 (started by subhodeepbanerjee in /Users/subhodeepbanerjee/Documents/Azure/auth)
2023-10-29T21:56:15.118+05:30  INFO 26436 --- [    Test worker] in.doracorp.auth.AuthApplicationTests    : No active profile set, falling back to 1 default profile: "default"
2023-10-29T21:56:15.310+05:30  INFO 26436 --- [    Test worker] .s.d.r.c.RepositoryConfigurationDelegate : Bootstrapping Spring Data JPA repositories in DEFAULT mode.
2023-10-29T21:56:15.328+05:30  INFO 26436 --- [    Test worker] .s.d.r.c.RepositoryConfigurationDelegate : Finished Spring Data repository scanning in 15 ms. Found 1 JPA repository interfaces.
2023-10-29T21:56:15.484+05:30  INFO 26436 --- [    Test worker] o.hibernate.jpa.internal.util.LogHelper  : HHH000204: Processing PersistenceUnitInfo [name: default]
2023-10-29T21:56:15.507+05:30  INFO 26436 --- [    Test worker] org.hibernate.Version                    : HHH000412: Hibernate ORM core version 6.2.13.Final
2023-10-29T21:56:15.508+05:30  INFO 26436 --- [    Test worker] org.hibernate.cfg.Environment            : HHH000406: Using bytecode reflection optimizer
2023-10-29T21:56:15.593+05:30  INFO 26436 --- [    Test worker] o.s.o.j.p.SpringPersistenceUnitInfo      : No LoadTimeWeaver setup: ignoring JPA class transformer
2023-10-29T21:56:15.602+05:30  INFO 26436 --- [    Test worker] com.zaxxer.hikari.HikariDataSource       : HikariPool-1 - Starting...
2023-10-29T21:56:15.662+05:30  INFO 26436 --- [    Test worker] com.zaxxer.hikari.pool.HikariPool        : HikariPool-1 - Added connection org.postgresql.jdbc.PgConnection@55bf35e5
2023-10-29T21:56:15.663+05:30  INFO 26436 --- [    Test worker] com.zaxxer.hikari.HikariDataSource       : HikariPool-1 - Start completed.
2023-10-29T21:56:15.973+05:30  INFO 26436 --- [    Test worker] o.h.e.t.j.p.i.JtaPlatformInitiator       : HHH000489: No JTA platform available (set 'hibernate.transaction.jta.platform' to enable JTA platform integration)
2023-10-29T21:56:15.982+05:30  WARN 26436 --- [    Test worker] o.h.engine.jdbc.spi.SqlExceptionHelper   : SQL Warning Code: 0, SQLState: 00000
2023-10-29T21:56:15.982+05:30  WARN 26436 --- [    Test worker] o.h.engine.jdbc.spi.SqlExceptionHelper   : table "users" does not exist, skipping
2023-10-29T21:56:15.999+05:30  INFO 26436 --- [    Test worker] j.LocalContainerEntityManagerFactoryBean : Initialized JPA EntityManagerFactory for persistence unit 'default'
2023-10-29T21:56:16.168+05:30  WARN 26436 --- [    Test worker] JpaBaseConfiguration$JpaWebConfiguration : spring.jpa.open-in-view is enabled by default. Therefore, database queries may be performed during view rendering. Explicitly configure spring.jpa.open-in-view to disable this warning
2023-10-29T21:56:16.289+05:30  INFO 26436 --- [    Test worker] in.doracorp.auth.AuthApplicationTests    : Started AuthApplicationTests in 1.257 seconds (process running for 1.776)
]]></system-out>
  <system-err><![CDATA[]]></system-err>
</testsuite>
